<?xml version="1.0" encoding="UTF-8"?>
<testsuites name="Mocha Tests" time="8.0630" tests="2" failures="1">
  <testsuite name="Root Suite" timestamp="2021-02-10T00:50:57" tests="0" file="cypress\integration\tests\SignupPage.spec.js" time="0.0000" failures="0">
  </testsuite>
  <testsuite name="Signup test" timestamp="2021-02-10T00:50:57" tests="2" time="8.0630" failures="1">
    <testcase name="Signup test Valid signup test" time="8.0630" classname="Valid signup test">
    </testcase>
    <testcase name="Signup test Create account test" time="0.0000" classname="Create account test">
      <failure message="Cannot read property &apos;KeyboardEvent&apos; of undefined" type="TypeError"><![CDATA[TypeError: Cannot read property 'KeyboardEvent' of undefined
    at Keyboard.fireSimulatedEvent (http://automationpractice.com/__cypress/runner/cypress_runner.js:163129:28)
    at Keyboard.simulatedKeydown (http://automationpractice.com/__cypress/runner/cypress_runner.js:163274:58)
    at Keyboard.typeSimulatedKey (http://automationpractice.com/__cypress/runner/cypress_runner.js:163314:10)
    at http://automationpractice.com/__cypress/runner/cypress_runner.js:162991:14
    at tryCatcher (http://automationpractice.com/__cypress/runner/cypress_runner.js:10609:23)
    at Function.Promise.attempt.Promise.try (http://automationpractice.com/__cypress/runner/cypress_runner.js:7883:29)
    at http://automationpractice.com/__cypress/runner/cypress_runner.js:163000:65
    at tryCatcher (http://automationpractice.com/__cypress/runner/cypress_runner.js:10609:23)
    at Object.gotValue (http://automationpractice.com/__cypress/runner/cypress_runner.js:9751:18)
    at Object.gotAccum (http://automationpractice.com/__cypress/runner/cypress_runner.js:9740:25)
    at Object.tryCatcher (http://automationpractice.com/__cypress/runner/cypress_runner.js:10609:23)
    at Promise._settlePromiseFromHandler (http://automationpractice.com/__cypress/runner/cypress_runner.js:8544:31)
    at Promise._settlePromise (http://automationpractice.com/__cypress/runner/cypress_runner.js:8601:18)
    at Promise._settlePromise0 (http://automationpractice.com/__cypress/runner/cypress_runner.js:8646:10)
    at Promise._settlePromises (http://automationpractice.com/__cypress/runner/cypress_runner.js:8726:18)
    at Promise._fulfill (http://automationpractice.com/__cypress/runner/cypress_runner.js:8670:18)]]></failure>
    </testcase>
  </testsuite>
</testsuites>